\BOOKMARK [1][-]{section.1}{简介}{}% 1
\BOOKMARK [1][-]{section.2}{系统设计}{}% 2
\BOOKMARK [1][-]{section.3}{硬件设计细节}{}% 3
\BOOKMARK [2][-]{subsection.3.1}{电源部分}{section.3}% 4
\BOOKMARK [3][-]{subsubsection.3.1.1}{数字电源}{subsection.3.1}% 5
\BOOKMARK [3][-]{subsubsection.3.1.2}{模拟电源}{subsection.3.1}% 6
\BOOKMARK [2][-]{subsection.3.2}{模拟前端和数据转换}{section.3}% 7
\BOOKMARK [3][-]{subsubsection.3.2.1}{话筒输入}{subsection.3.2}% 8
\BOOKMARK [3][-]{subsubsection.3.2.2}{耳机输出}{subsection.3.2}% 9
\BOOKMARK [3][-]{subsubsection.3.2.3}{CODEC的数字接口}{subsection.3.2}% 10
\BOOKMARK [2][-]{subsection.3.3}{微控制器和其他数字外设}{section.3}% 11
\BOOKMARK [3][-]{subsubsection.3.3.1}{微控制器}{subsection.3.3}% 12
\BOOKMARK [3][-]{subsubsection.3.3.2}{TF-Card}{subsection.3.3}% 13
\BOOKMARK [3][-]{subsubsection.3.3.3}{USB接口}{subsection.3.3}% 14
\BOOKMARK [3][-]{subsubsection.3.3.4}{调试接口}{subsection.3.3}% 15
\BOOKMARK [3][-]{subsubsection.3.3.5}{其他外设}{subsection.3.3}% 16
\BOOKMARK [1][-]{section.4}{PCB设计}{}% 17
\BOOKMARK [1][-]{section.5}{软件设计}{}% 18
\BOOKMARK [1][-]{section.6}{测试效果}{}% 19
\BOOKMARK [1][-]{section.7}{阶段总结与展望}{}% 20
\BOOKMARK [2][-]{subsection.7.1}{取得的成果}{section.7}% 21
\BOOKMARK [2][-]{subsection.7.2}{之后的工作与展望}{section.7}% 22
